<?xml version="1.0" encoding="UTF-8"?>
<!-- Generated by org.testng.reporters.JUnitXMLReporter -->
<testsuite ignored="0" hostname="DESKTOP-TIC5DM4" failures="0" tests="6" name="Default test" time="5.068" errors="0" timestamp="2024-08-28T18:59:25 IST">
  <testcase classname="Mile_4.CRUDOperations" name="createPerson" time="2.694"/>
  <testcase classname="Mile_4.CRUDOperations" name="deletePerson" time="0.459"/>
  <testcase classname="Mile_4.CRUDOperations" name="getAllPersons" time="0.177"/>
  <testcase classname="Mile_4.CRUDOperations" name="getPersonWithId" time="0.145"/>
  <testcase classname="Mile_4.CRUDOperations" name="patchPartialUpdatePersonDetails" time="0.429"/>
  <testcase classname="Mile_4.CRUDOperations" name="updatePersonDetails" time="0.412"/>
</testsuite> <!-- Default test -->
